<?xml version="1.0" encoding="UTF-8"?>
<!-- Generated by org.testng.reporters.JUnitXMLReporter -->
<testsuite ignored="0" hostname="DESKTOP-C9C0B0L" failures="0" tests="3" name="Surefire test" time="1.891" errors="0" timestamp="2025-12-05T23:11:39 BDT">
  <testcase classname="com.qa.login.tests.LoginServiceTest" name="invalidPassword_shouldReturnFalse" time="0.061"/>
  <testcase classname="com.qa.login.tests.LoginServiceTest" name="userNotExists_shouldReturnFalse" time="0.004"/>
  <testcase classname="com.qa.login.tests.LoginServiceTest" name="validLogin_shouldReturnTrue" time="0.002"/>
</testsuite> <!-- Surefire test -->
