<?xml version="1.0" encoding="UTF-8"?>
<!-- Generated by org.testng.reporters.JUnitReportReporter -->
<testsuite hostname="DESKTOP-C9C0B0L" failures="0" tests="3" name="com.qa.login.tests.LoginServiceTest" time="1.808" errors="0" timestamp="2025-12-05T23:11:39 BDT" skipped="0">
  <testcase classname="com.qa.login.tests.LoginServiceTest" name="userNotExists_shouldReturnFalse" time="0.008"/>
  <testcase classname="com.qa.login.tests.LoginServiceTest" name="invalidPassword_shouldReturnFalse" time="1.797"/>
  <testcase classname="com.qa.login.tests.LoginServiceTest" name="validLogin_shouldReturnTrue" time="0.003"/>
</testsuite> <!-- com.qa.login.tests.LoginServiceTest -->
